Mar 15, 2019 8:30:40 PM dp.Launcher log
INFO: 
project: 			C:/Users/Tom Burka/OOProjekt/OOProjekt
classes: 			5
modules: 			2
cohesion: 			0.125
max_coh: 			0.2
target_coh: 		0.125
coupling: 			0.0
max_cou: 			0.2
target_cou: 		0.0
win_global: 		true
win_hc: 			false
win_hc_max_cou: 	false
orig_ccddi: 		0.21250000000000002
target_ccddi: 		0.0535714285714286
per_cohesion: 		62.5
target_per_coh: 	62.5
per_coupling: 		0.0
target_per_cou: 	0.0
time: 				147652998

Mar 17, 2019 2:37:14 PM dp.Launcher log
INFO: 
project: 			C:/Users/Tom Burka/OOProjekt/OOProjekt
classes: 			6
modules: 			2
cohesion: 			0.2
max_coh: 			0.3333333333333333
target_coh: 		0.2
coupling: 			0.0
max_cou: 			0.3333333333333333
target_cou: 		0.0
win_global: 		true
win_hc: 			false
win_hc_max_cou: 	false
orig_ccddi: 		0.20000000000000007
target_ccddi: 		0.11458333333333337
per_cohesion: 		60.00000000000001
target_per_coh: 	60.00000000000001
per_coupling: 		0.0
target_per_cou: 	0.0
time: 				190726829

Mar 19, 2019 7:14:45 PM dp.Launcher log
INFO: 
project: 			C:/Users/Tom Burka/OOProjekt/OOProjekt
classes: 			6
modules: 			2
cohesion: 			0.2
max_coh: 			0.3333333333333333
target_coh: 		0.2
coupling: 			0.0
max_cou: 			0.3333333333333333
target_cou: 		0.0
win_global: 		true
win_hc: 			false
win_hc_max_cou: 	false
orig_ccddi: 		0.20000000000000007
target_ccddi: 		0.11458333333333337
per_cohesion: 		60.00000000000001
target_per_coh: 	60.00000000000001
per_coupling: 		0.0
target_per_cou: 	0.0
time: 				210812970

